[debug] [2022-05-09T13:19:20.982Z] ----------------------------------------------------------------------
[debug] [2022-05-09T13:19:21.009Z] Command:       C:\Program Files\nodejs\node.exe C:\Users\row\AppData\Roaming\npm\node_modules\firebase-tools\lib\bin\firebase.js init
[debug] [2022-05-09T13:19:21.011Z] CLI Version:   10.8.0
[debug] [2022-05-09T13:19:21.012Z] Platform:      win32
[debug] [2022-05-09T13:19:21.012Z] Node Version:  v14.17.4
[debug] [2022-05-09T13:19:21.110Z] Time:          Mon May 09 2022 19:19:21 GMT+0600 (Bangladesh Standard Time)
[debug] [2022-05-09T13:19:21.111Z] ----------------------------------------------------------------------
[debug] 
[debug] [2022-05-09T13:19:21.170Z] > command requires scopes: ["email","openid","https://www.googleapis.com/auth/cloudplatformprojects.readonly","https://www.googleapis.com/auth/firebase","https://www.googleapis.com/auth/cloud-platform"]
[debug] [2022-05-09T13:19:21.171Z] > authorizing via signed-in user (hossainalamin1246@gmail.com)
[info] 
     ######## #### ########  ######## ########     ###     ######  ########
     ##        ##  ##     ## ##       ##     ##  ##   ##  ##       ##
     ######    ##  ########  ######   ########  #########  ######  ######
     ##        ##  ##    ##  ##       ##     ## ##     ##       ## ##
     ##       #### ##     ## ######## ########  ##     ##  ######  ########

You're about to initialize a Firebase project in this directory:

  E:\web-dev-practice\Web Development\Projects\React\milestone-11\kids-toys-stock-management

[info] 
=== Project Setup
[info] 
[info] First, let's associate this project directory with a Firebase project.
[info] You can create multiple project aliases by running firebase use --add, 
[info] but for now we'll just set up a default project.
[info] 
[debug] [2022-05-09T13:20:12.176Z] > refreshing access token with scopes: []
[debug] [2022-05-09T13:20:12.178Z] >>> HTTP REQUEST POST https://www.googleapis.com/oauth2/v3/token  
 <request body omitted>
[debug] [2022-05-09T13:20:13.025Z] <<< HTTP RESPONSE 400 {"pragma":"no-cache","expires":"Mon, 01 Jan 1990 00:00:00 GMT","cache-control":"no-cache, no-store, max-age=0, must-revalidate","date":"Mon, 09 May 2022 13:20:12 GMT","content-type":"application/json; charset=utf-8","vary":"X-Origin, Referer, Origin,Accept-Encoding","server":"scaffolding on HTTPServer2","x-xss-protection":"0","x-frame-options":"SAMEORIGIN","x-content-type-options":"nosniff","alt-svc":"h3=\":443\"; ma=2592000,h3-29=\":443\"; ma=2592000,h3-Q050=\":443\"; ma=2592000,h3-Q046=\":443\"; ma=2592000,h3-Q043=\":443\"; ma=2592000,quic=\":443\"; ma=2592000; v=\"46,43\"","accept-ranges":"none","transfer-encoding":"chunked"}
[debug] [2022-05-09T13:20:13.079Z] >>> [apiv2][query] GET https://firebase.googleapis.com/v1beta1/projects pageSize=100
[debug] [2022-05-09T13:20:13.629Z] <<< [apiv2][status] GET https://firebase.googleapis.com/v1beta1/projects 401
[debug] [2022-05-09T13:20:13.630Z] <<< [apiv2][body] GET https://firebase.googleapis.com/v1beta1/projects [omitted]
[debug] [2022-05-09T13:20:13.632Z] HTTP Error: 401, Request had invalid authentication credentials. Expected OAuth 2 access token, login cookie or other valid authentication credential. See https://developers.google.com/identity/sign-in/web/devconsole-project.
[debug] [2022-05-09T13:20:14.251Z] FirebaseError: HTTP Error: 401, Request had invalid authentication credentials. Expected OAuth 2 access token, login cookie or other valid authentication credential. See https://developers.google.com/identity/sign-in/web/devconsole-project.
    at module.exports (C:\Users\row\AppData\Roaming\npm\node_modules\firebase-tools\lib\responseToError.js:47:12)
    at RetryOperation._fn (C:\Users\row\AppData\Roaming\npm\node_modules\firebase-tools\lib\apiv2.js:286:39)
    at processTicksAndRejections (internal/process/task_queues.js:95:5)
[error] 
[error] Error: Failed to list Firebase projects. See firebase-debug.log for more info.
[debug] [2022-05-09T13:27:25.144Z] ----------------------------------------------------------------------
[debug] [2022-05-09T13:27:25.148Z] Command:       C:\Program Files\nodejs\node.exe C:\Users\row\AppData\Roaming\npm\node_modules\firebase-tools\lib\bin\firebase.js init
[debug] [2022-05-09T13:27:25.149Z] CLI Version:   10.8.0
[debug] [2022-05-09T13:27:25.149Z] Platform:      win32
[debug] [2022-05-09T13:27:25.149Z] Node Version:  v14.17.4
[debug] [2022-05-09T13:27:25.399Z] Time:          Mon May 09 2022 19:27:25 GMT+0600 (Bangladesh Standard Time)
[debug] [2022-05-09T13:27:25.399Z] ----------------------------------------------------------------------
[debug] 
[debug] [2022-05-09T13:27:25.442Z] > command requires scopes: ["email","openid","https://www.googleapis.com/auth/cloudplatformprojects.readonly","https://www.googleapis.com/auth/firebase","https://www.googleapis.com/auth/cloud-platform"]
[debug] [2022-05-09T13:27:25.443Z] > authorizing via signed-in user (hossainalamin1246@gmail.com)
[info] 
     ######## #### ########  ######## ########     ###     ######  ########
     ##        ##  ##     ## ##       ##     ##  ##   ##  ##       ##
     ######    ##  ########  ######   ########  #########  ######  ######
     ##        ##  ##    ##  ##       ##     ## ##     ##       ## ##
     ##       #### ##     ## ######## ########  ##     ##  ######  ########

You're about to initialize a Firebase project in this directory:

  E:\web-dev-practice\Web Development\Projects\React\milestone-11\kids-toys-stock-management

